0 info it worked if it ends with ok
1 verbose cli [ 'C:\\Program Files\\nodejs\\node.exe',
1 verbose cli   'C:\\Program Files\\nodejs\\node_modules\\npm\\bin\\npm-cli.js',
1 verbose cli   'run',
1 verbose cli   'build' ]
2 info using npm@3.8.9
3 info using node@v6.2.0
4 verbose run-script [ 'prebuild', 'build', 'postbuild' ]
5 info lifecycle lonely_routine@1.0.0~prebuild: lonely_routine@1.0.0
6 silly lifecycle lonely_routine@1.0.0~prebuild: no script for prebuild, continuing
7 info lifecycle lonely_routine@1.0.0~build: lonely_routine@1.0.0
8 verbose lifecycle lonely_routine@1.0.0~build: unsafe-perm in lifecycle true
9 verbose lifecycle lonely_routine@1.0.0~build: PATH: C:\Program Files\nodejs\node_modules\npm\bin\node-gyp-bin;D:\GitHubSouce\sourcecode\lonelyRoutine\node_modules\.bin;C:\Program Files\nodejs;%SystemRoot%\system32\WindowsPowerShell\v1.0\;C:\ProgramData\Oracle\Java\javapath;C:\Ruby23-x64\bin;C:\Program Files\Java\jdk1.8.0_65\bin;C:\Program Files\Java\jdk1.8.0_65\jre\bin;C:\Program Files (x86)\Windows Kits\8.1\Windows Performance Toolkit\;C:\Program Files\Microsoft SQL Server\110\Tools\Binn\;D:\apache-ant-1.9.7\bin;F:\opencv\build\x64\vc12\bin;I:\Git\bin;D:\Android\SDK\tools;D:\Android\SDK\platform-tools;C:\Users\Jason\AppData\Roaming\npm;C:\Program Files\nodejs\;C:\Windows\system32;C:\Windows;C:\Windows\System32\Wbem;C:\Program Files (x86)\MySQL\MySQL Fabric 1.5 & MySQL Utilities 1.5\;C:\Program Files (x86)\MySQL\MySQL Fabric 1.5 & MySQL Utilities 1.5\Doctrine extensions for PHP\;I:\apache7X\lib;I:\apache7X\bin;D:\Python27\;C:\Program Files (x86)\Skype\Phone\;I:\yarn\bin;I:\Ultraedit\;D:\Android\SDK\tools;D:\Android\SDK\platform-tools;C:\Users\Jason\AppData\Roaming\npm;I:\Software\Microsoft VS Code\bin;C:\Users\Jason\AppData\Local\Yarn\.bin
10 verbose lifecycle lonely_routine@1.0.0~build: CWD: D:\GitHubSouce\sourcecode\lonelyRoutine
11 silly lifecycle lonely_routine@1.0.0~build: Args: [ '/d /s /c', 'webpack' ]
12 silly lifecycle lonely_routine@1.0.0~build: Returned: code: 2  signal: null
13 info lifecycle lonely_routine@1.0.0~build: Failed to exec build script
14 verbose stack Error: lonely_routine@1.0.0 build: `webpack`
14 verbose stack Exit status 2
14 verbose stack     at EventEmitter.<anonymous> (C:\Program Files\nodejs\node_modules\npm\lib\utils\lifecycle.js:245:16)
14 verbose stack     at emitTwo (events.js:106:13)
14 verbose stack     at EventEmitter.emit (events.js:191:7)
14 verbose stack     at ChildProcess.<anonymous> (C:\Program Files\nodejs\node_modules\npm\lib\utils\spawn.js:24:14)
14 verbose stack     at emitTwo (events.js:106:13)
14 verbose stack     at ChildProcess.emit (events.js:191:7)
14 verbose stack     at maybeClose (internal/child_process.js:850:16)
14 verbose stack     at Process.ChildProcess._handle.onexit (internal/child_process.js:215:5)
15 verbose pkgid lonely_routine@1.0.0
16 verbose cwd D:\GitHubSouce\sourcecode\lonelyRoutine
17 error Windows_NT 6.1.7601
18 error argv "C:\\Program Files\\nodejs\\node.exe" "C:\\Program Files\\nodejs\\node_modules\\npm\\bin\\npm-cli.js" "run" "build"
19 error node v6.2.0
20 error npm  v3.8.9
21 error code ELIFECYCLE
22 error lonely_routine@1.0.0 build: `webpack`
22 error Exit status 2
23 error Failed at the lonely_routine@1.0.0 build script 'webpack'.
23 error Make sure you have the latest version of node.js and npm installed.
23 error If you do, this is most likely a problem with the lonely_routine package,
23 error not with npm itself.
23 error Tell the author that this fails on your system:
23 error     webpack
23 error You can get information on how to open an issue for this project with:
23 error     npm bugs lonely_routine
23 error Or if that isn't available, you can get their info via:
23 error     npm owner ls lonely_routine
23 error There is likely additional logging output above.
24 verbose exit [ 1, true ]
